2025-07-03 08:59:49,678 | INFO | Logging initialized.
2025-07-03 08:59:49,678 | INFO | === Configuration ===
2025-07-03 08:59:49,678 | INFO | version: 1.0
2025-07-03 08:59:49,678 | INFO | device: cuda:0
2025-07-03 08:59:49,678 | INFO | [data]
2025-07-03 08:59:49,678 | INFO |   train_path: ./data_pet
2025-07-03 08:59:49,678 | INFO |   val_path: ./data_pet
2025-07-03 08:59:49,678 | INFO | image_size: [224, 224]
2025-07-03 08:59:49,678 | INFO | [model]
2025-07-03 08:59:49,678 | INFO |   params: {'n_channels': 3, 'n_classes': 3}
2025-07-03 08:59:49,678 | INFO | [loss]
2025-07-03 08:59:49,678 | INFO |   type: BCEWithLogitsLoss
2025-07-03 08:59:49,678 | INFO |   params: {}
2025-07-03 08:59:49,678 | INFO | [optimizer]
2025-07-03 08:59:49,678 | INFO |   type: Adam
2025-07-03 08:59:49,678 | INFO |   params: {'lr': 0.0005, 'weight_decay': 0.0001}
2025-07-03 08:59:49,678 | INFO | [scheduler]
2025-07-03 08:59:49,678 | INFO |   type: StepLR
2025-07-03 08:59:49,678 | INFO |   params: {'step_size': 25, 'gamma': 0.5}
2025-07-03 08:59:49,678 | INFO | [training]
2025-07-03 08:59:49,678 | INFO |   epochs: 100
2025-07-03 08:59:49,678 | INFO |   batch_size: 32
2025-07-03 08:59:49,678 | INFO |   num_workers: 1
2025-07-03 08:59:49,678 | INFO |   resume: False
2025-07-03 08:59:49,678 | INFO |   early_stopping_patience: 10
2025-07-03 08:59:49,678 | INFO | [logging]
2025-07-03 08:59:49,678 | INFO |   log_dir: ./var/logs
2025-07-03 08:59:49,678 | INFO |   checkpoint_dir: ./var/checkpoints
2025-07-03 08:59:49,678 | INFO |   level: INFO
2025-07-03 08:59:49,679 | INFO |   log_interval: 50
2025-07-03 08:59:49,679 | INFO |   structured: True
2025-07-03 08:59:49,679 | INFO |   format: json
2025-07-03 08:59:49,679 | INFO | [metrics]
2025-07-03 08:59:49,679 | INFO |   report: ['accuracy', 'precision', 'recall']
2025-07-03 08:59:49,679 | INFO |   save_history: True
2025-07-03 08:59:49,709 | INFO | Data loaders ready.
2025-07-03 08:59:50,052 | INFO | Model initialized on cuda:0.
2025-07-03 08:59:50,052 | INFO | Loss function (BCEWithLogitsLoss) ready.
2025-07-03 08:59:50,052 | INFO | Optimizer (Adam) ready.
2025-07-03 08:59:50,052 | INFO | Scheduler (StepLR) ready.
2025-07-03 09:00:32,075 | INFO | Epoch 1 [50/185] Loss: 0.4235
2025-07-03 09:01:13,666 | INFO | Epoch 1 [100/185] Loss: 0.3342
2025-07-03 09:01:55,355 | INFO | Epoch 1 [150/185] Loss: 0.3220
2025-07-03 09:02:49,652 | INFO | Epoch 1 Validation Loss: 0.2911
2025-07-03 09:03:01,625 | INFO | Checkpoint saved: epoch 1.
2025-07-03 09:03:01,626 | INFO | Epoch 1 Training Metrics: Pixel Accuracy: 74.64% | Mean IoU: 48.61% | Background: IoU=54.87%, Acc=74.83% | Unknown: IoU=71.66%, Acc=85.01% | Foreground: IoU=19.29%, Acc=24.95%
2025-07-03 09:03:01,626 | INFO | Epoch 1 Validation Metrics: Pixel Accuracy: 82.00% | Mean IoU: 57.58% | Background: IoU=65.14%, Acc=83.50% | Unknown: IoU=80.97%, Acc=89.49% | Foreground: IoU=26.63%, Acc=35.86%
2025-07-03 09:03:43,527 | INFO | Epoch 2 [50/185] Loss: 0.2913
2025-07-03 09:04:24,993 | INFO | Epoch 2 [100/185] Loss: 0.2934
2025-07-03 09:05:06,730 | INFO | Epoch 2 [150/185] Loss: 0.2477
2025-07-03 09:06:01,472 | INFO | Epoch 2 Validation Loss: 0.3364
2025-07-03 09:06:13,385 | INFO | Checkpoint saved: epoch 2.
2025-07-03 09:06:13,385 | INFO | Epoch 2 Training Metrics: Pixel Accuracy: 81.77% | Mean IoU: 59.32% | Background: IoU=66.57%, Acc=81.94% | Unknown: IoU=79.61%, Acc=90.28% | Foreground: IoU=31.79%, Acc=40.96%
2025-07-03 09:06:13,385 | INFO | Epoch 2 Validation Metrics: Pixel Accuracy: 77.74% | Mean IoU: 48.53% | Background: IoU=48.94%, Acc=51.17% | Unknown: IoU=75.32%, Acc=98.90% | Foreground: IoU=21.34%, Acc=24.67%
2025-07-03 09:06:55,344 | INFO | Epoch 3 [50/185] Loss: 0.2810
2025-07-03 09:07:37,154 | INFO | Epoch 3 [100/185] Loss: 0.2485
2025-07-03 09:08:18,953 | INFO | Epoch 3 [150/185] Loss: 0.2553
2025-07-03 09:09:13,395 | INFO | Epoch 3 Validation Loss: 0.4380
2025-07-03 09:09:25,376 | INFO | Checkpoint saved: epoch 3.
2025-07-03 09:09:25,377 | INFO | Epoch 3 Training Metrics: Pixel Accuracy: 84.46% | Mean IoU: 63.86% | Background: IoU=71.15%, Acc=85.18% | Unknown: IoU=82.72%, Acc=91.84% | Foreground: IoU=37.71%, Acc=47.64%
2025-07-03 09:09:25,377 | INFO | Epoch 3 Validation Metrics: Pixel Accuracy: 76.93% | Mean IoU: 53.24% | Background: IoU=59.09%, Acc=96.70% | Unknown: IoU=73.71%, Acc=75.01% | Foreground: IoU=26.93%, Acc=38.16%
2025-07-03 09:10:07,247 | INFO | Epoch 4 [50/185] Loss: 0.2082
2025-07-03 09:10:48,993 | INFO | Epoch 4 [100/185] Loss: 0.2200
2025-07-03 09:11:30,790 | INFO | Epoch 4 [150/185] Loss: 0.2513
2025-07-03 09:12:25,397 | INFO | Epoch 4 Validation Loss: 0.2011
2025-07-03 09:12:37,392 | INFO | Checkpoint saved: epoch 4.
2025-07-03 09:12:37,392 | INFO | Epoch 4 Training Metrics: Pixel Accuracy: 85.78% | Mean IoU: 66.16% | Background: IoU=73.53%, Acc=86.79% | Unknown: IoU=84.27%, Acc=92.59% | Foreground: IoU=40.68%, Acc=50.92%
2025-07-03 09:12:37,392 | INFO | Epoch 4 Validation Metrics: Pixel Accuracy: 88.05% | Mean IoU: 68.79% | Background: IoU=74.95%, Acc=85.55% | Unknown: IoU=88.14%, Acc=94.54% | Foreground: IoU=43.28%, Acc=57.56%
2025-07-03 09:13:19,378 | INFO | Epoch 5 [50/185] Loss: 0.2321
2025-07-03 09:14:01,130 | INFO | Epoch 5 [100/185] Loss: 0.2067
2025-07-03 09:14:42,716 | INFO | Epoch 5 [150/185] Loss: 0.1828
2025-07-03 09:15:37,394 | INFO | Epoch 5 Validation Loss: 0.1921
2025-07-03 09:15:49,307 | INFO | Checkpoint saved: epoch 5.
2025-07-03 09:15:49,308 | INFO | Epoch 5 Training Metrics: Pixel Accuracy: 86.63% | Mean IoU: 67.63% | Background: IoU=75.11%, Acc=87.52% | Unknown: IoU=85.33%, Acc=93.24% | Foreground: IoU=42.43%, Acc=52.98%
2025-07-03 09:15:49,308 | INFO | Epoch 5 Validation Metrics: Pixel Accuracy: 88.21% | Mean IoU: 69.00% | Background: IoU=75.58%, Acc=85.92% | Unknown: IoU=87.79%, Acc=94.98% | Foreground: IoU=43.61%, Acc=55.58%
2025-07-03 09:16:31,276 | INFO | Epoch 6 [50/185] Loss: 0.2048
2025-07-03 09:17:12,958 | INFO | Epoch 6 [100/185] Loss: 0.2138
2025-07-03 09:17:54,798 | INFO | Epoch 6 [150/185] Loss: 0.2032
2025-07-03 09:18:49,330 | INFO | Epoch 6 Validation Loss: 0.1961
2025-07-03 09:19:01,239 | INFO | Checkpoint saved: epoch 6.
2025-07-03 09:19:01,239 | INFO | Epoch 6 Training Metrics: Pixel Accuracy: 87.26% | Mean IoU: 68.81% | Background: IoU=76.36%, Acc=88.22% | Unknown: IoU=86.07%, Acc=93.58% | Foreground: IoU=44.00%, Acc=54.84%
2025-07-03 09:19:01,240 | INFO | Epoch 6 Validation Metrics: Pixel Accuracy: 87.87% | Mean IoU: 66.89% | Background: IoU=75.46%, Acc=86.16% | Unknown: IoU=87.10%, Acc=96.41% | Foreground: IoU=38.11%, Acc=43.87%
2025-07-03 09:19:43,132 | INFO | Epoch 7 [50/185] Loss: 0.2043
2025-07-03 09:20:24,844 | INFO | Epoch 7 [100/185] Loss: 0.1651
2025-07-03 09:21:06,560 | INFO | Epoch 7 [150/185] Loss: 0.1959
2025-07-03 09:22:01,195 | INFO | Epoch 7 Validation Loss: 0.2020
2025-07-03 09:22:13,164 | INFO | Checkpoint saved: epoch 7.
2025-07-03 09:22:13,165 | INFO | Epoch 7 Training Metrics: Pixel Accuracy: 87.79% | Mean IoU: 69.79% | Background: IoU=77.28%, Acc=88.77% | Unknown: IoU=86.73%, Acc=93.89% | Foreground: IoU=45.35%, Acc=56.34%
2025-07-03 09:22:13,165 | INFO | Epoch 7 Validation Metrics: Pixel Accuracy: 87.73% | Mean IoU: 68.52% | Background: IoU=75.26%, Acc=91.40% | Unknown: IoU=87.09%, Acc=91.84% | Foreground: IoU=43.20%, Acc=55.24%
2025-07-03 09:22:54,953 | INFO | Epoch 8 [50/185] Loss: 0.2118
2025-07-03 09:23:36,614 | INFO | Epoch 8 [100/185] Loss: 0.2234
2025-07-03 09:24:18,311 | INFO | Epoch 8 [150/185] Loss: 0.1783
2025-07-03 09:25:12,557 | INFO | Epoch 8 Validation Loss: 0.1898
2025-07-03 09:25:24,473 | INFO | Checkpoint saved: epoch 8.
2025-07-03 09:25:24,474 | INFO | Epoch 8 Training Metrics: Pixel Accuracy: 88.12% | Mean IoU: 70.38% | Background: IoU=78.02%, Acc=89.36% | Unknown: IoU=87.11%, Acc=94.03% | Foreground: IoU=46.02%, Acc=56.97%
2025-07-03 09:25:24,474 | INFO | Epoch 8 Validation Metrics: Pixel Accuracy: 88.78% | Mean IoU: 70.39% | Background: IoU=77.27%, Acc=91.98% | Unknown: IoU=88.63%, Acc=92.73% | Foreground: IoU=45.26%, Acc=58.35%
2025-07-03 09:26:06,104 | INFO | Epoch 9 [50/185] Loss: 0.1793
2025-07-03 09:26:47,650 | INFO | Epoch 9 [100/185] Loss: 0.2029
2025-07-03 09:27:29,274 | INFO | Epoch 9 [150/185] Loss: 0.2002
2025-07-03 09:28:23,355 | INFO | Epoch 9 Validation Loss: 0.1929
2025-07-03 09:28:35,309 | INFO | Checkpoint saved: epoch 9.
2025-07-03 09:28:35,309 | INFO | Epoch 9 Training Metrics: Pixel Accuracy: 88.45% | Mean IoU: 71.01% | Background: IoU=78.68%, Acc=89.63% | Unknown: IoU=87.51%, Acc=94.24% | Foreground: IoU=46.84%, Acc=58.00%
2025-07-03 09:28:35,309 | INFO | Epoch 9 Validation Metrics: Pixel Accuracy: 88.82% | Mean IoU: 69.46% | Background: IoU=76.98%, Acc=90.27% | Unknown: IoU=88.70%, Acc=94.80% | Foreground: IoU=42.70%, Acc=51.35%
2025-07-03 09:29:17,311 | INFO | Epoch 10 [50/185] Loss: 0.1814
2025-07-03 09:29:58,905 | INFO | Epoch 10 [100/185] Loss: 0.1861
2025-07-03 09:30:40,495 | INFO | Epoch 10 [150/185] Loss: 0.1550
2025-07-03 09:31:34,960 | INFO | Epoch 10 Validation Loss: 0.2034
2025-07-03 09:31:46,955 | INFO | Checkpoint saved: epoch 10.
2025-07-03 09:31:46,955 | INFO | Epoch 10 Training Metrics: Pixel Accuracy: 88.82% | Mean IoU: 71.70% | Background: IoU=79.34%, Acc=89.94% | Unknown: IoU=88.00%, Acc=94.50% | Foreground: IoU=47.78%, Acc=59.05%
2025-07-03 09:31:46,955 | INFO | Epoch 10 Validation Metrics: Pixel Accuracy: 87.46% | Mean IoU: 67.44% | Background: IoU=72.78%, Acc=79.55% | Unknown: IoU=86.25%, Acc=97.31% | Foreground: IoU=43.29%, Acc=51.56%
2025-07-03 09:32:28,854 | INFO | Epoch 11 [50/185] Loss: 0.1592
2025-07-03 09:33:10,607 | INFO | Epoch 11 [100/185] Loss: 0.1566
2025-07-03 09:33:52,464 | INFO | Epoch 11 [150/185] Loss: 0.1771
2025-07-03 09:34:47,045 | INFO | Epoch 11 Validation Loss: 0.1618
2025-07-03 09:34:58,998 | INFO | Checkpoint saved: epoch 11.
2025-07-03 09:34:58,998 | INFO | Epoch 11 Training Metrics: Pixel Accuracy: 88.95% | Mean IoU: 71.93% | Background: IoU=79.57%, Acc=90.15% | Unknown: IoU=88.16%, Acc=94.56% | Foreground: IoU=48.07%, Acc=59.30%
2025-07-03 09:34:58,998 | INFO | Epoch 11 Validation Metrics: Pixel Accuracy: 90.07% | Mean IoU: 73.19% | Background: IoU=79.96%, Acc=90.74% | Unknown: IoU=90.17%, Acc=94.14% | Foreground: IoU=49.45%, Acc=65.40%
2025-07-03 09:35:40,788 | INFO | Epoch 12 [50/185] Loss: 0.1719
2025-07-03 09:36:22,419 | INFO | Epoch 12 [100/185] Loss: 0.1986
2025-07-03 09:37:04,068 | INFO | Epoch 12 [150/185] Loss: 0.1987
2025-07-03 09:37:58,325 | INFO | Epoch 12 Validation Loss: 0.1646
2025-07-03 09:38:10,321 | INFO | Checkpoint saved: epoch 12.
2025-07-03 09:38:10,322 | INFO | Epoch 12 Training Metrics: Pixel Accuracy: 89.45% | Mean IoU: 72.89% | Background: IoU=80.62%, Acc=90.84% | Unknown: IoU=88.80%, Acc=94.75% | Foreground: IoU=49.26%, Acc=60.79%
2025-07-03 09:38:10,322 | INFO | Epoch 12 Validation Metrics: Pixel Accuracy: 90.03% | Mean IoU: 72.98% | Background: IoU=79.53%, Acc=92.99% | Unknown: IoU=90.08%, Acc=93.55% | Foreground: IoU=49.34%, Acc=62.70%
2025-07-03 09:38:52,180 | INFO | Epoch 13 [50/185] Loss: 0.1848
2025-07-03 09:39:33,705 | INFO | Epoch 13 [100/185] Loss: 0.1631
2025-07-03 09:40:15,274 | INFO | Epoch 13 [150/185] Loss: 0.1631
2025-07-03 09:41:09,644 | INFO | Epoch 13 Validation Loss: 0.1578
2025-07-03 09:41:21,610 | INFO | Checkpoint saved: epoch 13.
2025-07-03 09:41:21,611 | INFO | Epoch 13 Training Metrics: Pixel Accuracy: 89.38% | Mean IoU: 72.80% | Background: IoU=80.59%, Acc=90.55% | Unknown: IoU=88.63%, Acc=94.78% | Foreground: IoU=49.17%, Acc=60.82%
2025-07-03 09:41:21,611 | INFO | Epoch 13 Validation Metrics: Pixel Accuracy: 90.61% | Mean IoU: 73.91% | Background: IoU=81.12%, Acc=93.52% | Unknown: IoU=90.77%, Acc=94.20% | Foreground: IoU=49.84%, Acc=62.98%
2025-07-03 09:42:03,417 | INFO | Epoch 14 [50/185] Loss: 0.1637
2025-07-03 09:42:45,015 | INFO | Epoch 14 [100/185] Loss: 0.1648
2025-07-03 09:43:26,583 | INFO | Epoch 14 [150/185] Loss: 0.1802
2025-07-03 09:44:20,717 | INFO | Epoch 14 Validation Loss: 0.1597
2025-07-03 09:44:32,717 | INFO | Checkpoint saved: epoch 14.
2025-07-03 09:44:32,717 | INFO | Epoch 14 Training Metrics: Pixel Accuracy: 89.73% | Mean IoU: 73.49% | Background: IoU=81.13%, Acc=90.83% | Unknown: IoU=89.11%, Acc=95.01% | Foreground: IoU=50.22%, Acc=61.92%
2025-07-03 09:44:32,717 | INFO | Epoch 14 Validation Metrics: Pixel Accuracy: 90.53% | Mean IoU: 73.26% | Background: IoU=80.84%, Acc=94.27% | Unknown: IoU=90.90%, Acc=94.37% | Foreground: IoU=48.04%, Acc=59.37%
2025-07-03 09:45:14,402 | INFO | Epoch 15 [50/185] Loss: 0.2024
2025-07-03 09:45:55,900 | INFO | Epoch 15 [100/185] Loss: 0.1532
2025-07-03 09:46:37,470 | INFO | Epoch 15 [150/185] Loss: 0.1887
2025-07-03 09:47:31,493 | INFO | Epoch 15 Validation Loss: 0.1544
2025-07-03 09:47:43,456 | INFO | Checkpoint saved: epoch 15.
2025-07-03 09:47:43,457 | INFO | Epoch 15 Training Metrics: Pixel Accuracy: 90.12% | Mean IoU: 74.20% | Background: IoU=81.94%, Acc=91.51% | Unknown: IoU=89.64%, Acc=95.12% | Foreground: IoU=51.03%, Acc=62.85%
2025-07-03 09:47:43,457 | INFO | Epoch 15 Validation Metrics: Pixel Accuracy: 90.69% | Mean IoU: 74.28% | Background: IoU=80.56%, Acc=89.51% | Unknown: IoU=91.24%, Acc=95.29% | Foreground: IoU=51.06%, Acc=67.59%
2025-07-03 09:48:25,234 | INFO | Epoch 16 [50/185] Loss: 0.2441
2025-07-03 09:49:06,776 | INFO | Epoch 16 [100/185] Loss: 0.1608
2025-07-03 09:49:48,350 | INFO | Epoch 16 [150/185] Loss: 0.1416
2025-07-03 09:50:42,274 | INFO | Epoch 16 Validation Loss: 0.1603
2025-07-03 09:50:54,201 | INFO | Checkpoint saved: epoch 16.
2025-07-03 09:50:54,202 | INFO | Epoch 16 Training Metrics: Pixel Accuracy: 90.26% | Mean IoU: 74.50% | Background: IoU=82.18%, Acc=91.71% | Unknown: IoU=89.80%, Acc=95.17% | Foreground: IoU=51.53%, Acc=63.29%
2025-07-03 09:50:54,202 | INFO | Epoch 16 Validation Metrics: Pixel Accuracy: 90.44% | Mean IoU: 74.04% | Background: IoU=80.90%, Acc=93.25% | Unknown: IoU=90.61%, Acc=93.37% | Foreground: IoU=50.62%, Acc=66.87%
2025-07-03 09:51:36,108 | INFO | Epoch 17 [50/185] Loss: 0.1573
2025-07-03 09:52:17,783 | INFO | Epoch 17 [100/185] Loss: 0.1375
2025-07-03 09:52:59,331 | INFO | Epoch 17 [150/185] Loss: 0.1748
2025-07-03 09:53:53,204 | INFO | Epoch 17 Validation Loss: 0.1474
2025-07-03 09:54:05,121 | INFO | Checkpoint saved: epoch 17.
2025-07-03 09:54:05,121 | INFO | Epoch 17 Training Metrics: Pixel Accuracy: 90.63% | Mean IoU: 75.17% | Background: IoU=82.94%, Acc=91.99% | Unknown: IoU=90.31%, Acc=95.47% | Foreground: IoU=52.24%, Acc=64.19%
2025-07-03 09:54:05,121 | INFO | Epoch 17 Validation Metrics: Pixel Accuracy: 90.99% | Mean IoU: 74.81% | Background: IoU=81.63%, Acc=89.31% | Unknown: IoU=91.17%, Acc=96.08% | Foreground: IoU=51.64%, Acc=66.38%
2025-07-03 09:54:47,014 | INFO | Epoch 18 [50/185] Loss: 0.1302
2025-07-03 09:55:28,579 | INFO | Epoch 18 [100/185] Loss: 0.1544
2025-07-03 09:56:10,278 | INFO | Epoch 18 [150/185] Loss: 0.1364
2025-07-03 09:57:04,787 | INFO | Epoch 18 Validation Loss: 0.1538
2025-07-03 09:57:16,781 | INFO | Checkpoint saved: epoch 18.
2025-07-03 09:57:16,781 | INFO | Epoch 18 Training Metrics: Pixel Accuracy: 90.80% | Mean IoU: 75.49% | Background: IoU=83.34%, Acc=92.29% | Unknown: IoU=90.52%, Acc=95.55% | Foreground: IoU=52.61%, Acc=64.50%
2025-07-03 09:57:16,782 | INFO | Epoch 18 Validation Metrics: Pixel Accuracy: 90.58% | Mean IoU: 73.83% | Background: IoU=80.54%, Acc=88.20% | Unknown: IoU=90.63%, Acc=96.37% | Foreground: IoU=50.31%, Acc=63.72%
2025-07-03 09:57:58,427 | INFO | Epoch 19 [50/185] Loss: 0.1447
2025-07-03 09:58:39,933 | INFO | Epoch 19 [100/185] Loss: 0.1235
2025-07-03 09:59:21,721 | INFO | Epoch 19 [150/185] Loss: 0.1751
2025-07-03 10:00:15,725 | INFO | Epoch 19 Validation Loss: 0.1518
2025-07-03 10:00:27,715 | INFO | Checkpoint saved: epoch 19.
2025-07-03 10:00:27,715 | INFO | Epoch 19 Training Metrics: Pixel Accuracy: 90.95% | Mean IoU: 75.83% | Background: IoU=83.60%, Acc=92.43% | Unknown: IoU=90.68%, Acc=95.60% | Foreground: IoU=53.21%, Acc=65.12%
2025-07-03 10:00:27,715 | INFO | Epoch 19 Validation Metrics: Pixel Accuracy: 90.87% | Mean IoU: 74.77% | Background: IoU=81.44%, Acc=94.00% | Unknown: IoU=91.09%, Acc=93.81% | Foreground: IoU=51.77%, Acc=66.36%
2025-07-03 10:01:09,498 | INFO | Epoch 20 [50/185] Loss: 0.1283
2025-07-03 10:01:50,897 | INFO | Epoch 20 [100/185] Loss: 0.1515
2025-07-03 10:02:32,286 | INFO | Epoch 20 [150/185] Loss: 0.1268
2025-07-03 10:03:26,501 | INFO | Epoch 20 Validation Loss: 0.1507
2025-07-03 10:03:38,499 | INFO | Checkpoint saved: epoch 20.
2025-07-03 10:03:38,499 | INFO | Epoch 20 Training Metrics: Pixel Accuracy: 91.07% | Mean IoU: 76.04% | Background: IoU=83.82%, Acc=92.54% | Unknown: IoU=90.87%, Acc=95.70% | Foreground: IoU=53.42%, Acc=65.35%
2025-07-03 10:03:38,499 | INFO | Epoch 20 Validation Metrics: Pixel Accuracy: 90.81% | Mean IoU: 73.95% | Background: IoU=81.31%, Acc=90.97% | Unknown: IoU=90.87%, Acc=96.05% | Foreground: IoU=49.66%, Acc=60.70%
2025-07-03 10:04:20,154 | INFO | Epoch 21 [50/185] Loss: 0.1410
2025-07-03 10:05:01,632 | INFO | Epoch 21 [100/185] Loss: 0.1451
2025-07-03 10:05:43,177 | INFO | Epoch 21 [150/185] Loss: 0.1430
2025-07-03 10:06:37,587 | INFO | Epoch 21 Validation Loss: 0.1569
2025-07-03 10:06:49,582 | INFO | Checkpoint saved: epoch 21.
2025-07-03 10:06:49,582 | INFO | Epoch 21 Training Metrics: Pixel Accuracy: 91.44% | Mean IoU: 76.70% | Background: IoU=84.68%, Acc=92.99% | Unknown: IoU=91.37%, Acc=95.95% | Foreground: IoU=54.06%, Acc=66.08%
2025-07-03 10:06:49,582 | INFO | Epoch 21 Validation Metrics: Pixel Accuracy: 90.52% | Mean IoU: 73.81% | Background: IoU=80.44%, Acc=87.05% | Unknown: IoU=90.52%, Acc=96.65% | Foreground: IoU=50.47%, Acc=64.59%
2025-07-03 10:07:31,515 | INFO | Epoch 22 [50/185] Loss: 0.1367
2025-07-03 10:08:13,080 | INFO | Epoch 22 [100/185] Loss: 0.1329
2025-07-03 10:08:54,604 | INFO | Epoch 22 [150/185] Loss: 0.1066
2025-07-03 10:09:48,775 | INFO | Epoch 22 Validation Loss: 0.1623
2025-07-03 10:10:00,774 | INFO | Checkpoint saved: epoch 22.
2025-07-03 10:10:00,774 | INFO | Epoch 22 Training Metrics: Pixel Accuracy: 91.61% | Mean IoU: 77.09% | Background: IoU=84.93%, Acc=93.13% | Unknown: IoU=91.57%, Acc=96.01% | Foreground: IoU=54.77%, Acc=66.85%
2025-07-03 10:10:00,774 | INFO | Epoch 22 Validation Metrics: Pixel Accuracy: 90.25% | Mean IoU: 73.53% | Background: IoU=80.00%, Acc=93.06% | Unknown: IoU=90.29%, Acc=93.63% | Foreground: IoU=50.29%, Acc=64.11%
2025-07-03 10:10:42,586 | INFO | Epoch 23 [50/185] Loss: 0.1257
2025-07-03 10:11:24,115 | INFO | Epoch 23 [100/185] Loss: 0.1326
2025-07-03 10:12:05,713 | INFO | Epoch 23 [150/185] Loss: 0.1092
2025-07-03 10:12:59,971 | INFO | Epoch 23 Validation Loss: 0.1540
2025-07-03 10:13:11,921 | INFO | Checkpoint saved: epoch 23.
2025-07-03 10:13:11,922 | INFO | Epoch 23 Training Metrics: Pixel Accuracy: 91.67% | Mean IoU: 77.20% | Background: IoU=85.09%, Acc=93.22% | Unknown: IoU=91.64%, Acc=96.10% | Foreground: IoU=54.88%, Acc=66.76%
2025-07-03 10:13:11,922 | INFO | Epoch 23 Validation Metrics: Pixel Accuracy: 90.66% | Mean IoU: 74.24% | Background: IoU=81.22%, Acc=95.13% | Unknown: IoU=90.83%, Acc=93.32% | Foreground: IoU=50.65%, Acc=64.38%
2025-07-03 10:13:53,932 | INFO | Epoch 24 [50/185] Loss: 0.1087
2025-07-03 10:14:35,552 | INFO | Epoch 24 [100/185] Loss: 0.1189
2025-07-03 10:15:17,141 | INFO | Epoch 24 [150/185] Loss: 0.1434
2025-07-03 10:16:11,569 | INFO | Epoch 24 Validation Loss: 0.1519
2025-07-03 10:16:23,483 | INFO | Checkpoint saved: epoch 24.
2025-07-03 10:16:23,484 | INFO | Epoch 24 Training Metrics: Pixel Accuracy: 91.82% | Mean IoU: 77.52% | Background: IoU=85.44%, Acc=93.36% | Unknown: IoU=91.83%, Acc=96.15% | Foreground: IoU=55.29%, Acc=67.40%
2025-07-03 10:16:23,484 | INFO | Epoch 24 Validation Metrics: Pixel Accuracy: 90.70% | Mean IoU: 75.00% | Background: IoU=81.19%, Acc=91.72% | Unknown: IoU=90.75%, Acc=93.68% | Foreground: IoU=53.06%, Acc=71.31%
2025-07-03 10:17:05,331 | INFO | Epoch 25 [50/185] Loss: 0.1539
2025-07-03 10:17:46,988 | INFO | Epoch 25 [100/185] Loss: 0.1391
2025-07-03 10:18:28,622 | INFO | Epoch 25 [150/185] Loss: 0.1258
2025-07-03 10:19:23,036 | INFO | Epoch 25 Validation Loss: 0.1401
2025-07-03 10:19:34,984 | INFO | Checkpoint saved: epoch 25.
2025-07-03 10:19:34,984 | INFO | Epoch 25 Training Metrics: Pixel Accuracy: 92.09% | Mean IoU: 78.03% | Background: IoU=85.98%, Acc=93.62% | Unknown: IoU=92.21%, Acc=96.36% | Foreground: IoU=55.90%, Acc=67.96%
2025-07-03 10:19:34,984 | INFO | Epoch 25 Validation Metrics: Pixel Accuracy: 91.55% | Mean IoU: 75.69% | Background: IoU=82.99%, Acc=94.27% | Unknown: IoU=91.93%, Acc=95.11% | Foreground: IoU=52.14%, Acc=64.56%
2025-07-03 10:20:16,935 | INFO | Epoch 26 [50/185] Loss: 0.1070
2025-07-03 10:20:58,322 | INFO | Epoch 26 [100/185] Loss: 0.1174
2025-07-03 10:21:39,765 | INFO | Epoch 26 [150/185] Loss: 0.0969
2025-07-03 10:22:33,758 | INFO | Epoch 26 Validation Loss: 0.1293
2025-07-03 10:22:45,766 | INFO | Checkpoint saved: epoch 26.
2025-07-03 10:22:45,767 | INFO | Epoch 26 Training Metrics: Pixel Accuracy: 93.14% | Mean IoU: 80.12% | Background: IoU=88.16%, Acc=94.89% | Unknown: IoU=93.61%, Acc=96.93% | Foreground: IoU=58.58%, Acc=70.70%
2025-07-03 10:22:45,767 | INFO | Epoch 26 Validation Metrics: Pixel Accuracy: 92.12% | Mean IoU: 77.21% | Background: IoU=84.25%, Acc=91.03% | Unknown: IoU=92.62%, Acc=96.43% | Foreground: IoU=54.74%, Acc=70.50%
2025-07-03 10:23:27,692 | INFO | Epoch 27 [50/185] Loss: 0.1033
2025-07-03 10:24:09,154 | INFO | Epoch 27 [100/185] Loss: 0.1088
2025-07-03 10:24:50,827 | INFO | Epoch 27 [150/185] Loss: 0.1031
2025-07-03 10:25:44,864 | INFO | Epoch 27 Validation Loss: 0.1251
2025-07-03 10:25:56,837 | INFO | Checkpoint saved: epoch 27.
2025-07-03 10:25:56,837 | INFO | Epoch 27 Training Metrics: Pixel Accuracy: 93.44% | Mean IoU: 80.78% | Background: IoU=88.82%, Acc=95.15% | Unknown: IoU=93.99%, Acc=97.12% | Foreground: IoU=59.53%, Acc=71.69%
2025-07-03 10:25:56,837 | INFO | Epoch 27 Validation Metrics: Pixel Accuracy: 92.48% | Mean IoU: 77.85% | Background: IoU=85.11%, Acc=93.19% | Unknown: IoU=92.93%, Acc=96.22% | Foreground: IoU=55.52%, Acc=69.46%
2025-07-03 10:26:38,570 | INFO | Epoch 28 [50/185] Loss: 0.1043
2025-07-03 10:27:19,979 | INFO | Epoch 28 [100/185] Loss: 0.1137
2025-07-03 10:28:01,459 | INFO | Epoch 28 [150/185] Loss: 0.0910
2025-07-03 10:28:55,925 | INFO | Epoch 28 Validation Loss: 0.1316
2025-07-03 10:29:07,888 | INFO | Checkpoint saved: epoch 28.
2025-07-03 10:29:07,888 | INFO | Epoch 28 Training Metrics: Pixel Accuracy: 93.66% | Mean IoU: 81.23% | Background: IoU=89.25%, Acc=95.34% | Unknown: IoU=94.27%, Acc=97.26% | Foreground: IoU=60.15%, Acc=72.28%
2025-07-03 10:29:07,889 | INFO | Epoch 28 Validation Metrics: Pixel Accuracy: 92.08% | Mean IoU: 77.11% | Background: IoU=84.24%, Acc=93.34% | Unknown: IoU=92.47%, Acc=95.61% | Foreground: IoU=54.61%, Acc=68.95%
2025-07-03 10:29:49,470 | INFO | Epoch 29 [50/185] Loss: 0.1066
2025-07-03 10:30:30,895 | INFO | Epoch 29 [100/185] Loss: 0.0911
2025-07-03 10:31:12,338 | INFO | Epoch 29 [150/185] Loss: 0.1399
2025-07-03 10:32:06,168 | INFO | Epoch 29 Validation Loss: 0.1375
2025-07-03 10:32:18,070 | INFO | Checkpoint saved: epoch 29.
2025-07-03 10:32:18,070 | INFO | Epoch 29 Training Metrics: Pixel Accuracy: 93.66% | Mean IoU: 81.25% | Background: IoU=89.21%, Acc=95.29% | Unknown: IoU=94.27%, Acc=97.27% | Foreground: IoU=60.27%, Acc=72.41%
2025-07-03 10:32:18,070 | INFO | Epoch 29 Validation Metrics: Pixel Accuracy: 91.83% | Mean IoU: 77.01% | Background: IoU=83.92%, Acc=93.78% | Unknown: IoU=92.18%, Acc=94.39% | Foreground: IoU=54.93%, Acc=72.45%
2025-07-03 10:32:59,815 | INFO | Epoch 30 [50/185] Loss: 0.1039
2025-07-03 10:33:40,970 | INFO | Epoch 30 [100/185] Loss: 0.1056
2025-07-03 10:34:22,292 | INFO | Epoch 30 [150/185] Loss: 0.1042
2025-07-03 10:35:16,208 | INFO | Epoch 30 Validation Loss: 0.1363
2025-07-03 10:35:28,117 | INFO | Checkpoint saved: epoch 30.
2025-07-03 10:35:28,117 | INFO | Epoch 30 Training Metrics: Pixel Accuracy: 93.66% | Mean IoU: 81.28% | Background: IoU=89.18%, Acc=95.25% | Unknown: IoU=94.22%, Acc=97.26% | Foreground: IoU=60.44%, Acc=72.51%
2025-07-03 10:35:28,117 | INFO | Epoch 30 Validation Metrics: Pixel Accuracy: 92.03% | Mean IoU: 76.79% | Background: IoU=84.22%, Acc=94.16% | Unknown: IoU=92.54%, Acc=95.45% | Foreground: IoU=53.60%, Acc=67.34%
2025-07-03 10:36:09,839 | INFO | Epoch 31 [50/185] Loss: 0.1012
2025-07-03 10:36:51,333 | INFO | Epoch 31 [100/185] Loss: 0.1037
2025-07-03 10:37:32,873 | INFO | Epoch 31 [150/185] Loss: 0.0900
2025-07-03 10:38:27,233 | INFO | Epoch 31 Validation Loss: 0.1268
2025-07-03 10:38:39,185 | INFO | Checkpoint saved: epoch 31.
2025-07-03 10:38:39,185 | INFO | Epoch 31 Training Metrics: Pixel Accuracy: 93.77% | Mean IoU: 81.50% | Background: IoU=89.43%, Acc=95.46% | Unknown: IoU=94.39%, Acc=97.29% | Foreground: IoU=60.67%, Acc=72.76%
2025-07-03 10:38:39,185 | INFO | Epoch 31 Validation Metrics: Pixel Accuracy: 92.54% | Mean IoU: 77.91% | Background: IoU=85.29%, Acc=92.82% | Unknown: IoU=93.02%, Acc=96.52% | Foreground: IoU=55.43%, Acc=69.28%
2025-07-03 10:39:20,789 | INFO | Epoch 32 [50/185] Loss: 0.1010
2025-07-03 10:40:02,210 | INFO | Epoch 32 [100/185] Loss: 0.0937
2025-07-03 10:40:43,527 | INFO | Epoch 32 [150/185] Loss: 0.0983
2025-07-03 10:41:37,503 | INFO | Epoch 32 Validation Loss: 0.1322
2025-07-03 10:41:49,501 | INFO | Checkpoint saved: epoch 32.
2025-07-03 10:41:49,501 | INFO | Epoch 32 Training Metrics: Pixel Accuracy: 93.99% | Mean IoU: 82.01% | Background: IoU=89.87%, Acc=95.55% | Unknown: IoU=94.66%, Acc=97.43% | Foreground: IoU=61.51%, Acc=73.71%
2025-07-03 10:41:49,501 | INFO | Epoch 32 Validation Metrics: Pixel Accuracy: 92.16% | Mean IoU: 77.21% | Background: IoU=84.48%, Acc=92.31% | Unknown: IoU=92.61%, Acc=96.14% | Foreground: IoU=54.53%, Acc=69.28%
2025-07-03 10:42:31,206 | INFO | Epoch 33 [50/185] Loss: 0.0839
2025-07-03 10:43:12,633 | INFO | Epoch 33 [100/185] Loss: 0.1050
2025-07-03 10:43:54,269 | INFO | Epoch 33 [150/185] Loss: 0.0928
2025-07-03 10:44:48,361 | INFO | Epoch 33 Validation Loss: 0.1346
2025-07-03 10:45:00,344 | INFO | Checkpoint saved: epoch 33.
2025-07-03 10:45:00,345 | INFO | Epoch 33 Training Metrics: Pixel Accuracy: 94.17% | Mean IoU: 82.39% | Background: IoU=90.24%, Acc=95.74% | Unknown: IoU=94.88%, Acc=97.56% | Foreground: IoU=62.05%, Acc=74.11%
2025-07-03 10:45:00,345 | INFO | Epoch 33 Validation Metrics: Pixel Accuracy: 92.12% | Mean IoU: 77.21% | Background: IoU=84.17%, Acc=90.73% | Unknown: IoU=92.42%, Acc=96.76% | Foreground: IoU=55.04%, Acc=69.38%
2025-07-03 10:45:41,977 | INFO | Epoch 34 [50/185] Loss: 0.1022
2025-07-03 10:46:23,552 | INFO | Epoch 34 [100/185] Loss: 0.0904
2025-07-03 10:47:05,046 | INFO | Epoch 34 [150/185] Loss: 0.0851
2025-07-03 10:47:59,112 | INFO | Epoch 34 Validation Loss: 0.1316
2025-07-03 10:48:11,040 | INFO | Checkpoint saved: epoch 34.
2025-07-03 10:48:11,041 | INFO | Epoch 34 Training Metrics: Pixel Accuracy: 94.25% | Mean IoU: 82.57% | Background: IoU=90.38%, Acc=95.83% | Unknown: IoU=94.98%, Acc=97.56% | Foreground: IoU=62.36%, Acc=74.51%
2025-07-03 10:48:11,041 | INFO | Epoch 34 Validation Metrics: Pixel Accuracy: 92.20% | Mean IoU: 77.88% | Background: IoU=84.76%, Acc=92.74% | Unknown: IoU=92.69%, Acc=94.92% | Foreground: IoU=56.18%, Acc=75.46%
2025-07-03 10:48:52,856 | INFO | Epoch 35 [50/185] Loss: 0.0860
2025-07-03 10:49:34,319 | INFO | Epoch 35 [100/185] Loss: 0.0984
2025-07-03 10:50:15,705 | INFO | Epoch 35 [150/185] Loss: 0.0988
2025-07-03 10:51:10,284 | INFO | Epoch 35 Validation Loss: 0.1335
2025-07-03 10:51:22,284 | INFO | Checkpoint saved: epoch 35.
2025-07-03 10:51:22,285 | INFO | Epoch 35 Training Metrics: Pixel Accuracy: 94.17% | Mean IoU: 82.46% | Background: IoU=90.29%, Acc=95.76% | Unknown: IoU=94.82%, Acc=97.49% | Foreground: IoU=62.28%, Acc=74.42%
2025-07-03 10:51:22,285 | INFO | Epoch 35 Validation Metrics: Pixel Accuracy: 92.29% | Mean IoU: 77.57% | Background: IoU=84.59%, Acc=91.32% | Unknown: IoU=92.71%, Acc=96.56% | Foreground: IoU=55.41%, Acc=70.50%
2025-07-03 10:52:03,998 | INFO | Epoch 36 [50/185] Loss: 0.0974
2025-07-03 10:52:45,393 | INFO | Epoch 36 [100/185] Loss: 0.1008
2025-07-03 10:53:26,885 | INFO | Epoch 36 [150/185] Loss: 0.0862
2025-07-03 10:54:20,969 | INFO | Epoch 36 Validation Loss: 0.1556
2025-07-03 10:54:32,960 | INFO | Checkpoint saved: epoch 36.
2025-07-03 10:54:32,961 | INFO | Epoch 36 Training Metrics: Pixel Accuracy: 94.14% | Mean IoU: 82.37% | Background: IoU=90.16%, Acc=95.62% | Unknown: IoU=94.81%, Acc=97.52% | Foreground: IoU=62.16%, Acc=74.34%
2025-07-03 10:54:32,961 | INFO | Epoch 36 Validation Metrics: Pixel Accuracy: 91.43% | Mean IoU: 76.35% | Background: IoU=82.70%, Acc=93.50% | Unknown: IoU=91.58%, Acc=94.00% | Foreground: IoU=54.77%, Acc=71.66%
2025-07-03 10:55:14,583 | INFO | Epoch 37 [50/185] Loss: 0.0727
2025-07-03 10:55:56,134 | INFO | Epoch 37 [100/185] Loss: 0.0970
2025-07-03 10:56:37,603 | INFO | Epoch 37 [150/185] Loss: 0.0849
2025-07-03 10:57:31,572 | INFO | Epoch 37 Validation Loss: 0.1520
2025-07-03 10:57:31,572 | INFO | EarlyStopping: no improvement for 10 epochs; stopping.
2025-07-03 10:57:43,485 | INFO | Checkpoint saved: epoch 37.
2025-07-03 10:57:43,486 | INFO | Epoch 37 Training Metrics: Pixel Accuracy: 94.61% | Mean IoU: 83.44% | Background: IoU=91.12%, Acc=96.07% | Unknown: IoU=95.38%, Acc=97.75% | Foreground: IoU=63.82%, Acc=76.00%
2025-07-03 10:57:43,486 | INFO | Epoch 37 Validation Metrics: Pixel Accuracy: 91.33% | Mean IoU: 75.82% | Background: IoU=81.11%, Acc=85.07% | Unknown: IoU=92.79%, Acc=96.60% | Foreground: IoU=53.57%, Acc=77.19%
2025-07-03 10:57:43,486 | INFO | Training complete.
